c:\tema\m3g\8.0-literw16\project1\x64\debug\vc141.pdb
c:\tema\m3g\8.0-literw16\project1\x64\debug\vc141.idb
c:\tema\m3g\8.0-literw16\project1\x64\debug\objloader.obj
c:\tema\m3g\8.0-literw16\project1\x64\debug\object.obj
c:\tema\m3g\8.0-literw16\project1\x64\debug\main.obj
c:\tema\m3g\8.0-literw16\x64\debug\project1.exe
c:\tema\m3g\8.0-literw16\x64\debug\project1.ilk
c:\tema\m3g\8.0-literw16\x64\debug\project1.pdb
c:\tema\m3g\8.0-literw16\project1\x64\debug\project1.ilk
c:\tema\m3g\8.0-literw16\project1\x64\debug\vc143.idb
c:\tema\m3g\8.0-literw16\project1\x64\debug\vc143.pdb
c:\tema\m3g\8.0-literw16\project1\x64\debug\project1.tlog\cl.command.1.tlog
c:\tema\m3g\8.0-literw16\project1\x64\debug\project1.tlog\cl.items.tlog
c:\tema\m3g\8.0-literw16\project1\x64\debug\project1.tlog\cl.read.1.tlog
c:\tema\m3g\8.0-literw16\project1\x64\debug\project1.tlog\cl.write.1.tlog
c:\tema\m3g\8.0-literw16\project1\x64\debug\project1.tlog\link.command.1.tlog
c:\tema\m3g\8.0-literw16\project1\x64\debug\project1.tlog\link.delete.1.tlog
c:\tema\m3g\8.0-literw16\project1\x64\debug\project1.tlog\link.read.1.tlog
c:\tema\m3g\8.0-literw16\project1\x64\debug\project1.tlog\link.secondary.1.tlog
c:\tema\m3g\8.0-literw16\project1\x64\debug\project1.tlog\link.write.1.tlog
